app/build/outputs/logs/manifest-merger-debug-report.txt
-- Merging decision tree log ---
manifest
ADDED from src\main\AndroidManifest.xml:2:1-244:12
	package
		ADDED from src\main\AndroidManifest.xml:3:5-28
		INJECTED from src\main\AndroidManifest.xml
		INJECTED from src\main\AndroidManifest.xml
	android:screenOrientation
		ADDED from src\main\AndroidManifest.xml:5:5-41
	android:versionName
		ADDED from src\main\AndroidManifest.xml:7:5-32
	android:versionCode
		ADDED from src\main\AndroidManifest.xml:4:5-29
		INJECTED from src\main\AndroidManifest.xml
		INJECTED from src\main\AndroidManifest.xml
	xmlns:android
		ADDED from src\main\AndroidManifest.xml:2:11-69
	android:installLocation
		ADDED from src\main\AndroidManifest.xml:6:5-43
uses-sdk
ADDED from src\main\AndroidManifest.xml:9:5-11:41
	android:targetSdkVersion
		ADDED from src\main\AndroidManifest.xml:11:9-38
		INJECTED from src\main\AndroidManifest.xml
		INJECTED from src\main\AndroidManifest.xml
	android:minSdkVersion
		ADDED from src\main\AndroidManifest.xml:10:9-35
		INJECTED from src\main\AndroidManifest.xml
		INJECTED from src\main\AndroidManifest.xml
uses-permission#android.permission.INTERNET
ADDED from src\main\AndroidManifest.xml:12:2-64
	android:name
		ADDED from src\main\AndroidManifest.xml:12:19-61
uses-permission#android.permission.ACCESS_NETWORK_STATE
ADDED from src\main\AndroidManifest.xml:13:5-79
	android:name
		ADDED from src\main\AndroidManifest.xml:13:22-76
uses-permission#android.permission.WRITE_EXTERNAL_STORAGE
ADDED from src\main\AndroidManifest.xml:14:5-81
	android:name
		ADDED from src\main\AndroidManifest.xml:14:22-78
uses-permission#android.permission.VIBRATE
ADDED from src\main\AndroidManifest.xml:15:5-65
	android:name
		ADDED from src\main\AndroidManifest.xml:15:22-63
uses-permission#android.permission.GET_ACCOUNTS
ADDED from src\main\AndroidManifest.xml:16:2-68
	android:name
		ADDED from src\main\AndroidManifest.xml:16:19-65
uses-permission#android.permission.USE_CREDENTIALS
ADDED from src\main\AndroidManifest.xml:17:2-71
	android:name
		ADDED from src\main\AndroidManifest.xml:17:19-68
uses-permission#android.permission.MANAGE_ACCOUNTS
ADDED from src\main\AndroidManifest.xml:18:2-71
	android:name
		ADDED from src\main\AndroidManifest.xml:18:19-68
uses-permission#android.permission.RECEIVE_BOOT_COMPLETED
ADDED from src\main\AndroidManifest.xml:19:2-77
	android:name
		ADDED from src\main\AndroidManifest.xml:19:19-75
uses-permission#android.permission.CAMERA
ADDED from src\main\AndroidManifest.xml:20:2-62
	android:name
		ADDED from src\main\AndroidManifest.xml:20:19-59
uses-permission#android.permission.RECORD_AUDIO
ADDED from src\main\AndroidManifest.xml:21:2-68
	android:name
		ADDED from src\main\AndroidManifest.xml:21:19-65
uses-feature#android.hardware.camera
ADDED from src\main\AndroidManifest.xml:23:5-60
	android:name
		ADDED from src\main\AndroidManifest.xml:23:19-57
uses-feature#android.hardware.camera.autofocus
ADDED from src\main\AndroidManifest.xml:24:5-70
	android:name
		ADDED from src\main\AndroidManifest.xml:24:19-67
application
ADDED from src\main\AndroidManifest.xml:26:5-242:19
	android:label
		ADDED from src\main\AndroidManifest.xml:29:9-41
	android:allowBackup
		ADDED from src\main\AndroidManifest.xml:27:9-35
	android:icon
		ADDED from src\main\AndroidManifest.xml:28:9-45
	android:theme
		ADDED from src\main\AndroidManifest.xml:31:9-40
	android:logo
		ADDED from src\main\AndroidManifest.xml:30:9-38
activity#com.pkuhelper.PKUHelper
ADDED from src\main\AndroidManifest.xml:33:9-42:20
	android:screenOrientation
		ADDED from src\main\AndroidManifest.xml:35:13-49
	android:label
		ADDED from src\main\AndroidManifest.xml:37:13-45
	android:launchMode
		ADDED from src\main\AndroidManifest.xml:36:13-44
	android:name
		ADDED from src\main\AndroidManifest.xml:34:13-51
intent-filter#android.intent.action.MAIN+android.intent.category.LAUNCHER
ADDED from src\main\AndroidManifest.xml:38:13-41:29
action#android.intent.action.MAIN
ADDED from src\main\AndroidManifest.xml:39:17-69
	android:name
		ADDED from src\main\AndroidManifest.xml:39:25-66
category#android.intent.category.LAUNCHER
ADDED from src\main\AndroidManifest.xml:40:5-65
	android:name
		ADDED from src\main\AndroidManifest.xml:40:15-62
activity#com.pkuhelper.grade.GradeActivity
ADDED from src\main\AndroidManifest.xml:43:9-48:20
	android:screenOrientation
		ADDED from src\main\AndroidManifest.xml:45:13-49
	android:label
		ADDED from src\main\AndroidManifest.xml:47:13-45
	android:launchMode
		ADDED from src\main\AndroidManifest.xml:46:13-44
	android:name
		ADDED from src\main\AndroidManifest.xml:44:13-61
activity#com.pkuhelper.classroom.ClassActivity
ADDED from src\main\AndroidManifest.xml:49:9-54:20
	android:screenOrientation
		ADDED from src\main\AndroidManifest.xml:51:13-49
	android:label
		ADDED from src\main\AndroidManifest.xml:53:13-45
	android:launchMode
		ADDED from src\main\AndroidManifest.xml:52:13-44
	android:name
		ADDED from src\main\AndroidManifest.xml:50:13-65
activity#com.pkuhelper.subactivity.SubActivity
ADDED from src\main\AndroidManifest.xml:55:9-59:20
	android:screenOrientation
		ADDED from src\main\AndroidManifest.xml:57:13-49
	android:label
		ADDED from src\main\AndroidManifest.xml:58:13-45
	android:name
		ADDED from src\main\AndroidManifest.xml:56:13-65
activity#com.pkuhelper.pkuhole.HoleActivity
ADDED from src\main\AndroidManifest.xml:60:9-65:20
	android:screenOrientation
		ADDED from src\main\AndroidManifest.xml:62:13-49
	android:label
		ADDED from src\main\AndroidManifest.xml:64:13-45
	android:launchMode
		ADDED from src\main\AndroidManifest.xml:63:13-44
	android:name
		ADDED from src\main\AndroidManifest.xml:61:13-62
activity#com.pkuhelper.pkuhole.HolePost
ADDED from src\main\AndroidManifest.xml:66:9-70:20
	android:screenOrientation
		ADDED from src\main\AndroidManifest.xml:68:13-49
	android:label
		ADDED from src\main\AndroidManifest.xml:69:13-45
	android:name
		ADDED from src\main\AndroidManifest.xml:67:13-58
activity#com.pkuhelper.pkuhole.HoleComment
ADDED from src\main\AndroidManifest.xml:71:9-75:20
	android:screenOrientation
		ADDED from src\main\AndroidManifest.xml:73:13-49
	android:label
		ADDED from src\main\AndroidManifest.xml:74:13-45
	android:name
		ADDED from src\main\AndroidManifest.xml:72:13-61
activity#com.pkuhelper.pkuhole.HoleSearch
ADDED from src\main\AndroidManifest.xml:76:9-80:20
	android:screenOrientation
		ADDED from src\main\AndroidManifest.xml:78:13-49
	android:label
		ADDED from src\main\AndroidManifest.xml:79:13-45
	android:name
		ADDED from src\main\AndroidManifest.xml:77:13-60
activity#com.pkuhelper.pkuhole.old.PKUHoleActivity
ADDED from src\main\AndroidManifest.xml:81:9-86:20
	android:screenOrientation
		ADDED from src\main\AndroidManifest.xml:83:13-49
	android:label
		ADDED from src\main\AndroidManifest.xml:85:13-45
	android:launchMode
		ADDED from src\main\AndroidManifest.xml:84:13-44
	android:name
		ADDED from src\main\AndroidManifest.xml:82:13-69
activity#com.pkuhelper.noticecenter.NCActivity
ADDED from src\main\AndroidManifest.xml:87:9-92:20
	android:screenOrientation
		ADDED from src\main\AndroidManifest.xml:89:13-49
	android:label
		ADDED from src\main\AndroidManifest.xml:91:13-45
	android:launchMode
		ADDED from src\main\AndroidManifest.xml:90:13-44
	android:name
		ADDED from src\main\AndroidManifest.xml:88:13-65
activity#com.pkuhelper.lostfound.LostFoundActivity
ADDED from src\main\AndroidManifest.xml:93:9-98:20
	android:screenOrientation
		ADDED from src\main\AndroidManifest.xml:95:13-49
	android:label
		ADDED from src\main\AndroidManifest.xml:97:13-45
	android:launchMode
		ADDED from src\main\AndroidManifest.xml:96:13-44
	android:name
		ADDED from src\main\AndroidManifest.xml:94:13-69
activity#com.pkuhelper.lostfound.AddActivity
ADDED from src\main\AndroidManifest.xml:99:9-103:20
	android:screenOrientation
		ADDED from src\main\AndroidManifest.xml:101:13-49
	android:label
		ADDED from src\main\AndroidManifest.xml:102:13-45
	android:name
		ADDED from src\main\AndroidManifest.xml:100:13-63
activity#com.pkuhelper.lostfound.old.LostFoundActivity
ADDED from src\main\AndroidManifest.xml:104:9-109:20
	android:screenOrientation
		ADDED from src\main\AndroidManifest.xml:106:13-49
	android:label
		ADDED from src\main\AndroidManifest.xml:108:13-45
	android:launchMode
		ADDED from src\main\AndroidManifest.xml:107:13-44
	android:name
		ADDED from src\main\AndroidManifest.xml:105:13-73
activity#com.pkuhelper.gesture.GestureActivity
ADDED from src\main\AndroidManifest.xml:110:9-115:20
	android:screenOrientation
		ADDED from src\main\AndroidManifest.xml:112:13-49
	android:label
		ADDED from src\main\AndroidManifest.xml:114:13-45
	android:launchMode
		ADDED from src\main\AndroidManifest.xml:113:13-44
	android:name
		ADDED from src\main\AndroidManifest.xml:111:13-65
activity#com.pkuhelper.course.DeanCourseActivity
ADDED from src\main\AndroidManifest.xml:116:9-121:20
	android:screenOrientation
		ADDED from src\main\AndroidManifest.xml:118:13-49
	android:label
		ADDED from src\main\AndroidManifest.xml:120:13-45
	android:launchMode
		ADDED from src\main\AndroidManifest.xml:119:13-44
	android:name
		ADDED from src\main\AndroidManifest.xml:117:13-67
activity#com.pkuhelper.course.CustomCourseActivity
ADDED from src\main\AndroidManifest.xml:122:9-127:20
	android:screenOrientation
		ADDED from src\main\AndroidManifest.xml:124:13-49
	android:label
		ADDED from src\main\AndroidManifest.xml:126:13-45
	android:launchMode
		ADDED from src\main\AndroidManifest.xml:125:13-44
	android:name
		ADDED from src\main\AndroidManifest.xml:123:13-69
activity#com.pkuhelper.course.ExamActivity
ADDED from src\main\AndroidManifest.xml:128:9-132:47
	android:screenOrientation
		ADDED from src\main\AndroidManifest.xml:130:13-49
	android:label
		ADDED from src\main\AndroidManifest.xml:132:13-45
	android:launchMode
		ADDED from src\main\AndroidManifest.xml:131:13-44
	android:name
		ADDED from src\main\AndroidManifest.xml:129:13-61
activity#com.pkuhelper.chat.ChatActivity
ADDED from src\main\AndroidManifest.xml:133:9-138:48
	android:screenOrientation
		ADDED from src\main\AndroidManifest.xml:135:13-49
	android:label
		ADDED from src\main\AndroidManifest.xml:138:13-45
	android:launchMode
		ADDED from src\main\AndroidManifest.xml:136:13-44
	android:windowSoftInputMode
		ADDED from src\main\AndroidManifest.xml:137:13-54
	android:name
		ADDED from src\main\AndroidManifest.xml:134:13-59
activity#com.pkuhelper.bbs.BBSActivity
ADDED from src\main\AndroidManifest.xml:139:9-143:47
	android:screenOrientation
		ADDED from src\main\AndroidManifest.xml:141:13-49
	android:label
		ADDED from src\main\AndroidManifest.xml:143:13-45
	android:launchMode
		ADDED from src\main\AndroidManifest.xml:142:13-44
	android:name
		ADDED from src\main\AndroidManifest.xml:140:13-57
activity#com.pkuhelper.bbs.ViewActivity
ADDED from src\main\AndroidManifest.xml:144:9-148:47
	android:screenOrientation
		ADDED from src\main\AndroidManifest.xml:146:13-49
	android:label
		ADDED from src\main\AndroidManifest.xml:148:13-45
	android:launchMode
		ADDED from src\main\AndroidManifest.xml:147:13-44
	android:name
		ADDED from src\main\AndroidManifest.xml:145:13-58
activity#com.pkuhelper.bbs.PostActivity
ADDED from src\main\AndroidManifest.xml:149:9-152:47
	android:screenOrientation
		ADDED from src\main\AndroidManifest.xml:151:13-49
	android:label
		ADDED from src\main\AndroidManifest.xml:152:13-45
	android:name
		ADDED from src\main\AndroidManifest.xml:150:13-58
activity#com.pkuhelper.bbs.MessageActivity
ADDED from src\main\AndroidManifest.xml:153:9-157:47
	android:screenOrientation
		ADDED from src\main\AndroidManifest.xml:155:13-49
	android:label
		ADDED from src\main\AndroidManifest.xml:157:13-45
	android:launchMode
		ADDED from src\main\AndroidManifest.xml:156:13-44
	android:name
		ADDED from src\main\AndroidManifest.xml:154:13-61
activity#com.pkuhelper.bbs.MessagePostActivity
ADDED from src\main\AndroidManifest.xml:158:9-161:47
	android:screenOrientation
		ADDED from src\main\AndroidManifest.xml:160:13-49
	android:label
		ADDED from src\main\AndroidManifest.xml:161:13-45
	android:name
		ADDED from src\main\AndroidManifest.xml:159:13-65
activity#com.pkuhelper.qrcode.QRCodeActivity
ADDED from src\main\AndroidManifest.xml:163:9-167:47
	android:screenOrientation
		ADDED from src\main\AndroidManifest.xml:165:13-49
	android:label
		ADDED from src\main\AndroidManifest.xml:167:13-45
	android:launchMode
		ADDED from src\main\AndroidManifest.xml:166:13-44
	android:name
		ADDED from src\main\AndroidManifest.xml:164:13-63
activity#com.pkuhelper.qrcode.MipcaActivityCapture
ADDED from src\main\AndroidManifest.xml:169:9-173:63
	android:screenOrientation
		ADDED from src\main\AndroidManifest.xml:172:13-49
	android:windowSoftInputMode
		ADDED from src\main\AndroidManifest.xml:173:13-60
	android:configChanges
		ADDED from src\main\AndroidManifest.xml:171:13-63
	android:name
		ADDED from src\main\AndroidManifest.xml:170:13-69
activity#com.pkuhelper.media.MediaActivity
ADDED from src\main\AndroidManifest.xml:175:9-180:20
	android:screenOrientation
		ADDED from src\main\AndroidManifest.xml:177:13-49
	android:label
		ADDED from src\main\AndroidManifest.xml:179:13-45
	android:launchMode
		ADDED from src\main\AndroidManifest.xml:178:13-44
	android:name
		ADDED from src\main\AndroidManifest.xml:176:13-61
service#com.pkuhelper.service.PKUHelperService
ADDED from src\main\AndroidManifest.xml:182:9-74
	android:name
		ADDED from src\main\AndroidManifest.xml:182:18-71
activity#com.renn.rennsdk.oauth.OAuthActivity
ADDED from src\main\AndroidManifest.xml:184:9-185:67
	android:configChanges
		ADDED from src\main\AndroidManifest.xml:185:4-65
	android:name
		ADDED from src\main\AndroidManifest.xml:184:19-70
receiver#com.pkuhelper.widget.WidgetItsProvider
ADDED from src\main\AndroidManifest.xml:187:9-194:14
	android:label
		ADDED from src\main\AndroidManifest.xml:188:13-47
	android:name
		ADDED from src\main\AndroidManifest.xml:187:19-72
intent-filter#android.appwidget.action.APPWIDGET_UPDATE
ADDED from src\main\AndroidManifest.xml:189:7-191:27
action#android.appwidget.action.APPWIDGET_UPDATE
ADDED from src\main\AndroidManifest.xml:190:11-78
	android:name
		ADDED from src\main\AndroidManifest.xml:190:19-75
meta-data#android.appwidget.provider
ADDED from src\main\AndroidManifest.xml:192:7-193:62
	android:resource
		ADDED from src\main\AndroidManifest.xml:193:16-59
	android:name
		ADDED from src\main\AndroidManifest.xml:192:18-59
receiver#com.pkuhelper.widget.WidgetCourseProvider
ADDED from src\main\AndroidManifest.xml:196:3-203:14
	android:label
		ADDED from src\main\AndroidManifest.xml:197:13-50
	android:name
		ADDED from src\main\AndroidManifest.xml:196:13-69
receiver#com.pkuhelper.widget.WidgetCourse2Provider
ADDED from src\main\AndroidManifest.xml:205:3-212:14
	android:label
		ADDED from src\main\AndroidManifest.xml:206:13-51
	android:name
		ADDED from src\main\AndroidManifest.xml:205:13-70
receiver#com.pkuhelper.widget.WidgetExamProvider
ADDED from src\main\AndroidManifest.xml:214:3-221:14
	android:label
		ADDED from src\main\AndroidManifest.xml:215:13-48
	android:name
		ADDED from src\main\AndroidManifest.xml:214:13-67
service#com.pkuhelper.widget.WidgetCourseService
ADDED from src\main\AndroidManifest.xml:223:9-224:73
	android:permission
		ADDED from src\main\AndroidManifest.xml:224:14-70
	android:name
		ADDED from src\main\AndroidManifest.xml:223:18-73
service#com.pkuhelper.widget.WidgetCourse2Service
ADDED from src\main\AndroidManifest.xml:225:9-226:73
	android:permission
		ADDED from src\main\AndroidManifest.xml:226:14-70
	android:name
		ADDED from src\main\AndroidManifest.xml:225:18-74
service#com.pkuhelper.widget.WidgetExamService
ADDED from src\main\AndroidManifest.xml:227:9-228:73
	android:permission
		ADDED from src\main\AndroidManifest.xml:228:14-70
	android:name
		ADDED from src\main\AndroidManifest.xml:227:18-71
service#com.pkuhelper.widget.WidgetActionService
ADDED from src\main\AndroidManifest.xml:229:9-76
	android:name
		ADDED from src\main\AndroidManifest.xml:229:18-73
receiver#com.pkuhelper.service.AlarmReceiver
ADDED from src\main\AndroidManifest.xml:231:9-72
	android:name
		ADDED from src\main\AndroidManifest.xml:231:19-69
receiver#com.pkuhelper.service.MyReceiver
ADDED from src\main\AndroidManifest.xml:233:9-238:20
	android:name
		ADDED from src\main\AndroidManifest.xml:233:19-66
intent-filter#android.intent.action.ACTION_DREAMING_STOPPED+android.intent.action.BOOT_COMPLETED
ADDED from src\main\AndroidManifest.xml:234:13-237:29
action#android.intent.action.BOOT_COMPLETED
ADDED from src\main\AndroidManifest.xml:235:17-78
	android:name
		ADDED from src\main\AndroidManifest.xml:235:25-76
action#android.intent.action.ACTION_DREAMING_STOPPED
ADDED from src\main\AndroidManifest.xml:236:17-87
	android:name
		ADDED from src\main\AndroidManifest.xml:236:25-85